2020-12-11 12:39:06 [main] INFO  c.c.publisher.StoreApplication - Starting StoreApplication using Java 1.8.0_151 on HATMAKURI-LP with PID 37292 (C:\MicroService_Assignment\store\target\classes started by hatmakuri in C:\MicroService_Assignment\store)
2020-12-11 12:39:06 [main] INFO  c.c.publisher.StoreApplication - No active profile set, falling back to default profiles: default
2020-12-11 12:39:09 [main] INFO  c.c.publisher.StoreApplication - Started StoreApplication in 3.415 seconds (JVM running for 3.948)
2020-12-11 12:39:48 [http-nio-8080-exec-4] INFO  c.c.p.controller.CustomerController - incoming request class Customer {
    customerNumber: 233344**
    firstName: hemanth112244
    lastName: Hemanth12234
    birthdate: *-1992
    country: India
    countryCode: IN
    mobileNumber: 8179822721
    email: *ng@email.com
    customerStatus: restored
    address: class Address {
        addressLine1: string
        addressLine2: string
        street: string
        postalCode: 5220
    }
}
2020-12-11 12:39:53 [http-nio-8080-exec-4] INFO  c.c.p.service.impl.ProducerImpl - Sent message to topic: e8n4rrkd-Customer
2020-12-11 12:39:53 [http-nio-8080-exec-4] INFO  c.c.p.controller.CustomerController - out going response class Customer {
    customerNumber: 233344**
    firstName: hemanth112244
    lastName: Hemanth12234
    birthdate: *-1992
    country: India
    countryCode: IN
    mobileNumber: 8179822721
    email: *ng@email.com
    customerStatus: restored
    address: class Address {
        addressLine1: string
        addressLine2: string
        street: string
        postalCode: 5220
    }
}
2020-12-11 12:42:30 [main] INFO  c.c.publisher.StoreApplication - Starting StoreApplication using Java 1.8.0_151 on HATMAKURI-LP with PID 33832 (C:\MicroService_Assignment\store\target\classes started by hatmakuri in C:\MicroService_Assignment\store)
2020-12-11 12:42:30 [main] INFO  c.c.publisher.StoreApplication - No active profile set, falling back to default profiles: default
2020-12-11 12:42:33 [main] INFO  c.c.publisher.StoreApplication - Started StoreApplication in 3.188 seconds (JVM running for 3.774)
2020-12-11 12:44:40 [main] INFO  c.c.publisher.StoreApplication - Starting StoreApplication using Java 1.8.0_151 on HATMAKURI-LP with PID 33996 (C:\MicroService_Assignment\store\target\classes started by hatmakuri in C:\MicroService_Assignment\store)
2020-12-11 12:44:40 [main] INFO  c.c.publisher.StoreApplication - No active profile set, falling back to default profiles: default
2020-12-11 12:44:43 [main] INFO  c.c.publisher.StoreApplication - Started StoreApplication in 3.162 seconds (JVM running for 3.706)
2020-12-11 14:56:01 [main] INFO  c.c.publisher.StoreApplication - Starting StoreApplication using Java 1.8.0_151 on HATMAKURI-LP with PID 38836 (C:\MicroService_Assignment\store\target\classes started by hatmakuri in C:\MicroService_Assignment\store)
2020-12-11 14:56:01 [main] INFO  c.c.publisher.StoreApplication - No active profile set, falling back to default profiles: default
2020-12-11 14:56:03 [main] INFO  c.c.publisher.StoreApplication - Started StoreApplication in 3.349 seconds (JVM running for 3.989)
2020-12-11 14:56:44 [http-nio-8080-exec-3] INFO  c.c.p.controller.CustomerController - incoming request class Customer {
    customerNumber: 233344**
    firstName: hemanth112244
    lastName: Hemanth12234
    birthdate: *-1992
    country: India
    countryCode: IN
    mobileNumber: 8179822721
    email: *ng@email.com
    customerStatus: restored
    address: class Address {
        addressLine1: string
        addressLine2: string
        street: string
        postalCode: 5220
    }
}
2020-12-11 14:56:48 [http-nio-8080-exec-3] INFO  c.c.p.service.impl.ProducerImpl - Sent message to topic: e8n4rrkd-Customer
2020-12-11 14:56:48 [http-nio-8080-exec-3] INFO  c.c.p.controller.CustomerController - out going response class Customer {
    customerNumber: 233344**
    firstName: hemanth112244
    lastName: Hemanth12234
    birthdate: *-1992
    country: India
    countryCode: IN
    mobileNumber: 8179822721
    email: *ng@email.com
    customerStatus: restored
    address: class Address {
        addressLine1: string
        addressLine2: string
        street: string
        postalCode: 5220
    }
}
